Determining if the pthread_create exist failed with the following output:
Change Dir: /home/felix/catkin_ws/build/CMakeFiles/CMakeTmp

Run Build Command:"/usr/bin/make" "cmTC_980e7/fast"
/usr/bin/make -f CMakeFiles/cmTC_980e7.dir/build.make CMakeFiles/cmTC_980e7.dir/build
make[1]: Verzeichnis „/home/felix/catkin_ws/build/CMakeFiles/CMakeTmp“ wird betreten
Building C object CMakeFiles/cmTC_980e7.dir/CheckSymbolExists.c.o
/usr/bin/cc    -o CMakeFiles/cmTC_980e7.dir/CheckSymbolExists.c.o   -c /home/felix/catkin_ws/build/CMakeFiles/CMakeTmp/CheckSymbolExists.c
Linking C executable cmTC_980e7
/usr/bin/cmake -E cmake_link_script CMakeFiles/cmTC_980e7.dir/link.txt --verbose=1
/usr/bin/cc      -rdynamic CMakeFiles/cmTC_980e7.dir/CheckSymbolExists.c.o  -o cmTC_980e7 
CMakeFiles/cmTC_980e7.dir/CheckSymbolExists.c.o: In Funktion »main«:
CheckSymbolExists.c:(.text+0x1b): Warnung: undefinierter Verweis auf »pthread_create«
collect2: error: ld returned 1 exit status
CMakeFiles/cmTC_980e7.dir/build.make:97: recipe for target 'cmTC_980e7' failed
make[1]: *** [cmTC_980e7] Error 1
make[1]: Verzeichnis „/home/felix/catkin_ws/build/CMakeFiles/CMakeTmp“ wird verlassen
Makefile:126: recipe for target 'cmTC_980e7/fast' failed
make: *** [cmTC_980e7/fast] Error 2

File /home/felix/catkin_ws/build/CMakeFiles/CMakeTmp/CheckSymbolExists.c:
/* */
#include <pthread.h>

int main(int argc, char** argv)
{
  (void)argv;
#ifndef pthread_create
  return ((int*)(&pthread_create))[argc];
#else
  (void)argc;
  return 0;
#endif
}

Determining if the function pthread_create exists in the pthreads failed with the following output:
Change Dir: /home/felix/catkin_ws/build/CMakeFiles/CMakeTmp

Run Build Command:"/usr/bin/make" "cmTC_b2c0f/fast"
/usr/bin/make -f CMakeFiles/cmTC_b2c0f.dir/build.make CMakeFiles/cmTC_b2c0f.dir/build
make[1]: Verzeichnis „/home/felix/catkin_ws/build/CMakeFiles/CMakeTmp“ wird betreten
Building C object CMakeFiles/cmTC_b2c0f.dir/CheckFunctionExists.c.o
/usr/bin/cc   -DCHECK_FUNCTION_EXISTS=pthread_create   -o CMakeFiles/cmTC_b2c0f.dir/CheckFunctionExists.c.o   -c /usr/share/cmake-3.10/Modules/CheckFunctionExists.c
Linking C executable cmTC_b2c0f
/usr/bin/cmake -E cmake_link_script CMakeFiles/cmTC_b2c0f.dir/link.txt --verbose=1
/usr/bin/cc  -DCHECK_FUNCTION_EXISTS=pthread_create    -rdynamic CMakeFiles/cmTC_b2c0f.dir/CheckFunctionExists.c.o  -o cmTC_b2c0f -lpthreads 
/usr/bin/ld: -lpthreads kann nicht gefunden werden
collect2: error: ld returned 1 exit status
CMakeFiles/cmTC_b2c0f.dir/build.make:97: recipe for target 'cmTC_b2c0f' failed
make[1]: *** [cmTC_b2c0f] Error 1
make[1]: Verzeichnis „/home/felix/catkin_ws/build/CMakeFiles/CMakeTmp“ wird verlassen
Makefile:126: recipe for target 'cmTC_b2c0f/fast' failed
make: *** [cmTC_b2c0f/fast] Error 2


